<?xml version="1.0" encoding="UTF-8" ?>
<testsuite tests="0" failures="0" name="com.ghost.test.database.DatabaseConnectionTest" time="0.004" errors="0" skipped="0">
  <properties>
    <property name="java.runtime.name" value="Java(TM) SE Runtime Environment"/>
    <property name="sun.boot.library.path" value="/home/toyan/development/java/jdk1.8.0_121/jre/lib/amd64"/>
    <property name="java.vm.version" value="25.121-b13"/>
    <property name="java.vm.vendor" value="Oracle Corporation"/>
    <property name="java.vendor.url" value="http://java.oracle.com/"/>
    <property name="path.separator" value=":"/>
    <property name="java.vm.name" value="Java HotSpot(TM) 64-Bit Server VM"/>
    <property name="file.encoding.pkg" value="sun.io"/>
    <property name="user.country" value="US"/>
    <property name="sun.java.launcher" value="SUN_STANDARD"/>
    <property name="sun.os.patch.level" value="unknown"/>
    <property name="java.vm.specification.name" value="Java Virtual Machine Specification"/>
    <property name="user.dir" value="/home/toyan/development/workspace/ws2/GhostWriter/Ghost-DB"/>
    <property name="java.runtime.version" value="1.8.0_121-b13"/>
    <property name="java.awt.graphicsenv" value="sun.awt.X11GraphicsEnvironment"/>
    <property name="basedir" value="/home/toyan/development/workspace/ws2/GhostWriter/Ghost-DB"/>
    <property name="java.endorsed.dirs" value="/home/toyan/development/java/jdk1.8.0_121/jre/lib/endorsed"/>
    <property name="os.arch" value="amd64"/>
    <property name="surefire.real.class.path" value="/home/toyan/development/workspace/ws2/GhostWriter/Ghost-DB/target/surefire/surefirebooter4118430475808033506.jar"/>
    <property name="java.io.tmpdir" value="/tmp"/>
    <property name="line.separator" value="
"/>
    <property name="java.vm.specification.vendor" value="Oracle Corporation"/>
    <property name="os.name" value="Linux"/>
    <property name="sun.jnu.encoding" value="UTF-8"/>
    <property name="java.library.path" value="/usr/java/packages/lib/amd64:/usr/lib64:/lib64:/lib:/usr/lib"/>
    <property name="surefire.test.class.path" value="/home/toyan/development/workspace/ws2/GhostWriter/Ghost-DB/target/test-classes:/home/toyan/development/workspace/ws2/GhostWriter/Ghost-DB/target/classes:/home/toyan/.m2/repository/org/apache/derby/derbyclient/10.11.1.1/derbyclient-10.11.1.1.jar:/home/toyan/.m2/repository/org/hibernate/hibernate-core/4.3.10.Final/hibernate-core-4.3.10.Final.jar:/home/toyan/.m2/repository/org/jboss/logging/jboss-logging/3.1.3.GA/jboss-logging-3.1.3.GA.jar:/home/toyan/.m2/repository/org/jboss/logging/jboss-logging-annotations/1.2.0.Beta1/jboss-logging-annotations-1.2.0.Beta1.jar:/home/toyan/.m2/repository/org/jboss/spec/javax/transaction/jboss-transaction-api_1.2_spec/1.0.0.Final/jboss-transaction-api_1.2_spec-1.0.0.Final.jar:/home/toyan/.m2/repository/dom4j/dom4j/1.6.1/dom4j-1.6.1.jar:/home/toyan/.m2/repository/xml-apis/xml-apis/1.0.b2/xml-apis-1.0.b2.jar:/home/toyan/.m2/repository/org/hibernate/common/hibernate-commons-annotations/4.0.5.Final/hibernate-commons-annotations-4.0.5.Final.jar:/home/toyan/.m2/repository/org/hibernate/javax/persistence/hibernate-jpa-2.1-api/1.0.0.Final/hibernate-jpa-2.1-api-1.0.0.Final.jar:/home/toyan/.m2/repository/org/javassist/javassist/3.18.1-GA/javassist-3.18.1-GA.jar:/home/toyan/.m2/repository/antlr/antlr/2.7.7/antlr-2.7.7.jar:/home/toyan/.m2/repository/org/jboss/jandex/1.1.0.Final/jandex-1.1.0.Final.jar:/home/toyan/.m2/repository/oracle/ojdbc6/11.2.0.3/ojdbc6-11.2.0.3.jar:"/>
    <property name="java.specification.name" value="Java Platform API Specification"/>
    <property name="java.class.version" value="52.0"/>
    <property name="sun.management.compiler" value="HotSpot 64-Bit Tiered Compilers"/>
    <property name="os.version" value="4.4.0-77-generic"/>
    <property name="user.home" value="/home/toyan"/>
    <property name="user.timezone" value=""/>
    <property name="java.awt.printerjob" value="sun.print.PSPrinterJob"/>
    <property name="file.encoding" value="UTF-8"/>
    <property name="java.specification.version" value="1.8"/>
    <property name="user.name" value="toyan"/>
    <property name="java.class.path" value="/home/toyan/development/workspace/ws2/GhostWriter/Ghost-DB/target/test-classes:/home/toyan/development/workspace/ws2/GhostWriter/Ghost-DB/target/classes:/home/toyan/.m2/repository/org/apache/derby/derbyclient/10.11.1.1/derbyclient-10.11.1.1.jar:/home/toyan/.m2/repository/org/hibernate/hibernate-core/4.3.10.Final/hibernate-core-4.3.10.Final.jar:/home/toyan/.m2/repository/org/jboss/logging/jboss-logging/3.1.3.GA/jboss-logging-3.1.3.GA.jar:/home/toyan/.m2/repository/org/jboss/logging/jboss-logging-annotations/1.2.0.Beta1/jboss-logging-annotations-1.2.0.Beta1.jar:/home/toyan/.m2/repository/org/jboss/spec/javax/transaction/jboss-transaction-api_1.2_spec/1.0.0.Final/jboss-transaction-api_1.2_spec-1.0.0.Final.jar:/home/toyan/.m2/repository/dom4j/dom4j/1.6.1/dom4j-1.6.1.jar:/home/toyan/.m2/repository/xml-apis/xml-apis/1.0.b2/xml-apis-1.0.b2.jar:/home/toyan/.m2/repository/org/hibernate/common/hibernate-commons-annotations/4.0.5.Final/hibernate-commons-annotations-4.0.5.Final.jar:/home/toyan/.m2/repository/org/hibernate/javax/persistence/hibernate-jpa-2.1-api/1.0.0.Final/hibernate-jpa-2.1-api-1.0.0.Final.jar:/home/toyan/.m2/repository/org/javassist/javassist/3.18.1-GA/javassist-3.18.1-GA.jar:/home/toyan/.m2/repository/antlr/antlr/2.7.7/antlr-2.7.7.jar:/home/toyan/.m2/repository/org/jboss/jandex/1.1.0.Final/jandex-1.1.0.Final.jar:/home/toyan/.m2/repository/oracle/ojdbc6/11.2.0.3/ojdbc6-11.2.0.3.jar:"/>
    <property name="java.vm.specification.version" value="1.8"/>
    <property name="sun.arch.data.model" value="64"/>
    <property name="java.home" value="/home/toyan/development/java/jdk1.8.0_121/jre"/>
    <property name="sun.java.command" value="/home/toyan/development/workspace/ws2/GhostWriter/Ghost-DB/target/surefire/surefirebooter4118430475808033506.jar /home/toyan/development/workspace/ws2/GhostWriter/Ghost-DB/target/surefire/surefire8932410155033287742tmp /home/toyan/development/workspace/ws2/GhostWriter/Ghost-DB/target/surefire/surefire1535702867496842088tmp"/>
    <property name="java.specification.vendor" value="Oracle Corporation"/>
    <property name="user.language" value="en"/>
    <property name="awt.toolkit" value="sun.awt.X11.XToolkit"/>
    <property name="java.vm.info" value="mixed mode"/>
    <property name="java.version" value="1.8.0_121"/>
    <property name="java.ext.dirs" value="/home/toyan/development/java/jdk1.8.0_121/jre/lib/ext:/usr/java/packages/lib/ext"/>
    <property name="sun.boot.class.path" value="/home/toyan/development/java/jdk1.8.0_121/jre/lib/resources.jar:/home/toyan/development/java/jdk1.8.0_121/jre/lib/rt.jar:/home/toyan/development/java/jdk1.8.0_121/jre/lib/sunrsasign.jar:/home/toyan/development/java/jdk1.8.0_121/jre/lib/jsse.jar:/home/toyan/development/java/jdk1.8.0_121/jre/lib/jce.jar:/home/toyan/development/java/jdk1.8.0_121/jre/lib/charsets.jar:/home/toyan/development/java/jdk1.8.0_121/jre/lib/jfr.jar:/home/toyan/development/java/jdk1.8.0_121/jre/classes"/>
    <property name="java.vendor" value="Oracle Corporation"/>
    <property name="localRepository" value="/home/toyan/.m2/repository"/>
    <property name="file.separator" value="/"/>
    <property name="java.vendor.url.bug" value="http://bugreport.sun.com/bugreport/"/>
    <property name="sun.cpu.endian" value="little"/>
    <property name="sun.io.unicode.encoding" value="UnicodeLittle"/>
    <property name="sun.desktop" value="gnome"/>
    <property name="sun.cpu.isalist" value=""/>
  </properties>
</testsuite>